<?xml version="1.0" encoding="UTF-8"?>
<!-- 
// ============================================================================
//
// Copyright (C) 2011 - 2012 Talend Inc. - www.talend.com
//
// This source code is available under agreement available at
// %InstallDIR%\license.txt
//
// You should have received a copy of the agreement
// along with this program; if not, write to Talend SA
// 9 rue Pages 92150 Suresnes, France
//
// ============================================================================ 
-->

<beans xmlns="http://www.springframework.org/schema/beans"
    xmlns:xsi="http://www.w3.org/2001/XMLSchema-instance"
    xsi:schemaLocation="
        http://www.springframework.org/schema/beans http://www.springframework.org/schema/beans/spring-beans.xsd
    ">
    
   <bean id="persistencyManagerBean"
          class="org.talend.esb.callcontext.store.persistence.file.PersistencyFileManager"
          init-method="init">
        <property name="storageDirPath"     value="./target/esbrepo/callcontextstore/fileStore" />
        <!-- property name="schemaResourceName" value="/target/test-classes/callcontext.avro" /-->
        <property name="schemaResourceName" value="/callcontext.avro" />
        
    </bean>

    <bean id="callContextStoreServerBean"
            class="org.talend.esb.callcontext.store.server.CallContextStoreServerImpl"
            scope="singleton">
        <property name="persistencyManager" ref="persistencyManagerBean" />
    </bean>

</beans>